1771261911.806543 client started (16101): version 3.6a, socket /tmp/tmux-1000/default, protocol 8
1771261911.806566 on Linux 6.12.71_1 #1 SMP PREEMPT_DYNAMIC Sat Feb 14 03:21:18 UTC 2026
1771261911.806570 using libevent 2.1.12-stable poll
1771261911.806572 using ncurses 6.5 20240427
1771261911.806599 flags are 0x18010000
1771261911.806601 socket is /tmp/tmux-1000/default
1771261911.806609 trying connect
1771261911.806641 add peer 0x558d904ea400: 6 ((nil))
1771261911.806977 sending message 111 to peer 0x558d904ea400 (8 bytes)
1771261911.806988 sending message 111 to peer 0x558d904ea400 (8 bytes)
1771261911.806991 sending message 101 to peer 0x558d904ea400 (12 bytes)
1771261911.806994 sending message 109 to peer 0x558d904ea400 (4 bytes)
1771261911.806997 sending message 102 to peer 0x558d904ea400 (12 bytes)
1771261911.807000 sending message 108 to peer 0x558d904ea400 (26 bytes)
1771261911.807002 sending message 112 to peer 0x558d904ea400 (70 bytes)
1771261911.807005 sending message 112 to peer 0x558d904ea400 (5 bytes)
1771261911.807008 sending message 112 to peer 0x558d904ea400 (6 bytes)
1771261911.807010 sending message 112 to peer 0x558d904ea400 (6 bytes)
1771261911.807013 sending message 112 to peer 0x558d904ea400 (11 bytes)
1771261911.807015 sending message 112 to peer 0x558d904ea400 (10 bytes)
1771261911.807018 sending message 112 to peer 0x558d904ea400 (13 bytes)
1771261911.807020 sending message 112 to peer 0x558d904ea400 (14 bytes)
1771261911.807023 sending message 112 to peer 0x558d904ea400 (19 bytes)
1771261911.807025 sending message 112 to peer 0x558d904ea400 (11 bytes)
1771261911.807028 sending message 112 to peer 0x558d904ea400 (21 bytes)
1771261911.807030 sending message 112 to peer 0x558d904ea400 (13 bytes)
1771261911.807033 sending message 112 to peer 0x558d904ea400 (7 bytes)
1771261911.807035 sending message 112 to peer 0x558d904ea400 (13 bytes)
1771261911.807038 sending message 112 to peer 0x558d904ea400 (7 bytes)
1771261911.807040 sending message 112 to peer 0x558d904ea400 (13 bytes)
1771261911.807043 sending message 112 to peer 0x558d904ea400 (9 bytes)
1771261911.807045 sending message 112 to peer 0x558d904ea400 (21 bytes)
1771261911.807048 sending message 112 to peer 0x558d904ea400 (13 bytes)
1771261911.807050 sending message 112 to peer 0x558d904ea400 (9 bytes)
1771261911.807053 sending message 112 to peer 0x558d904ea400 (13 bytes)
1771261911.807055 sending message 112 to peer 0x558d904ea400 (13 bytes)
1771261911.807058 sending message 112 to peer 0x558d904ea400 (9 bytes)
1771261911.807060 sending message 112 to peer 0x558d904ea400 (9 bytes)
1771261911.807063 sending message 112 to peer 0x558d904ea400 (12 bytes)
1771261911.807065 sending message 112 to peer 0x558d904ea400 (8 bytes)
1771261911.807068 sending message 112 to peer 0x558d904ea400 (13 bytes)
1771261911.807070 sending message 112 to peer 0x558d904ea400 (7 bytes)
1771261911.807073 sending message 112 to peer 0x558d904ea400 (7 bytes)
1771261911.807075 sending message 112 to peer 0x558d904ea400 (9 bytes)
1771261911.807078 sending message 112 to peer 0x558d904ea400 (10 bytes)
1771261911.807080 sending message 112 to peer 0x558d904ea400 (6 bytes)
1771261911.807083 sending message 112 to peer 0x558d904ea400 (9 bytes)
1771261911.807085 sending message 112 to peer 0x558d904ea400 (15 bytes)
1771261911.807088 sending message 112 to peer 0x558d904ea400 (13 bytes)
1771261911.807090 sending message 112 to peer 0x558d904ea400 (12 bytes)
1771261911.807093 sending message 112 to peer 0x558d904ea400 (8 bytes)
1771261911.807095 sending message 112 to peer 0x558d904ea400 (14 bytes)
1771261911.807098 sending message 112 to peer 0x558d904ea400 (11 bytes)
1771261911.807100 sending message 112 to peer 0x558d904ea400 (9 bytes)
1771261911.807103 sending message 112 to peer 0x558d904ea400 (10 bytes)
1771261911.807105 sending message 112 to peer 0x558d904ea400 (10 bytes)
1771261911.807108 sending message 112 to peer 0x558d904ea400 (10 bytes)
1771261911.807110 sending message 112 to peer 0x558d904ea400 (10 bytes)
1771261911.807113 sending message 112 to peer 0x558d904ea400 (11 bytes)
1771261911.807121 sending message 112 to peer 0x558d904ea400 (11 bytes)
1771261911.807124 sending message 112 to peer 0x558d904ea400 (10 bytes)
1771261911.807127 sending message 112 to peer 0x558d904ea400 (12 bytes)
1771261911.807129 sending message 112 to peer 0x558d904ea400 (8 bytes)
1771261911.807132 sending message 112 to peer 0x558d904ea400 (11 bytes)
1771261911.807134 sending message 112 to peer 0x558d904ea400 (11 bytes)
1771261911.807137 sending message 112 to peer 0x558d904ea400 (11 bytes)
1771261911.807139 sending message 112 to peer 0x558d904ea400 (12 bytes)
1771261911.807142 sending message 112 to peer 0x558d904ea400 (12 bytes)
1771261911.807145 sending message 112 to peer 0x558d904ea400 (12 bytes)
1771261911.807147 sending message 112 to peer 0x558d904ea400 (12 bytes)
1771261911.807150 sending message 112 to peer 0x558d904ea400 (13 bytes)
1771261911.807152 sending message 112 to peer 0x558d904ea400 (13 bytes)
1771261911.807155 sending message 112 to peer 0x558d904ea400 (13 bytes)
1771261911.807157 sending message 112 to peer 0x558d904ea400 (8 bytes)
1771261911.807160 sending message 112 to peer 0x558d904ea400 (13 bytes)
1771261911.807162 sending message 112 to peer 0x558d904ea400 (13 bytes)
1771261911.807165 sending message 112 to peer 0x558d904ea400 (13 bytes)
1771261911.807168 sending message 112 to peer 0x558d904ea400 (13 bytes)
1771261911.807170 sending message 112 to peer 0x558d904ea400 (13 bytes)
1771261911.807173 sending message 112 to peer 0x558d904ea400 (12 bytes)
1771261911.807175 sending message 112 to peer 0x558d904ea400 (12 bytes)
1771261911.807178 sending message 112 to peer 0x558d904ea400 (12 bytes)
1771261911.807180 sending message 112 to peer 0x558d904ea400 (12 bytes)
1771261911.807183 sending message 112 to peer 0x558d904ea400 (13 bytes)
1771261911.807186 sending message 112 to peer 0x558d904ea400 (8 bytes)
1771261911.807188 sending message 112 to peer 0x558d904ea400 (13 bytes)
1771261911.807191 sending message 112 to peer 0x558d904ea400 (13 bytes)
1771261911.807193 sending message 112 to peer 0x558d904ea400 (13 bytes)
1771261911.807196 sending message 112 to peer 0x558d904ea400 (13 bytes)
1771261911.807198 sending message 112 to peer 0x558d904ea400 (13 bytes)
1771261911.807201 sending message 112 to peer 0x558d904ea400 (13 bytes)
1771261911.807203 sending message 112 to peer 0x558d904ea400 (13 bytes)
1771261911.807206 sending message 112 to peer 0x558d904ea400 (12 bytes)
1771261911.807209 sending message 112 to peer 0x558d904ea400 (12 bytes)
1771261911.807211 sending message 112 to peer 0x558d904ea400 (12 bytes)
1771261911.807214 sending message 112 to peer 0x558d904ea400 (8 bytes)
1771261911.807216 sending message 112 to peer 0x558d904ea400 (12 bytes)
1771261911.807219 sending message 112 to peer 0x558d904ea400 (13 bytes)
1771261911.807222 sending message 112 to peer 0x558d904ea400 (13 bytes)
1771261911.807224 sending message 112 to peer 0x558d904ea400 (13 bytes)
1771261911.807227 sending message 112 to peer 0x558d904ea400 (13 bytes)
1771261911.807229 sending message 112 to peer 0x558d904ea400 (13 bytes)
1771261911.807232 sending message 112 to peer 0x558d904ea400 (13 bytes)
1771261911.807234 sending message 112 to peer 0x558d904ea400 (13 bytes)
1771261911.807237 sending message 112 to peer 0x558d904ea400 (13 bytes)
1771261911.807239 sending message 112 to peer 0x558d904ea400 (12 bytes)
1771261911.807242 sending message 112 to peer 0x558d904ea400 (10 bytes)
1771261911.807244 sending message 112 to peer 0x558d904ea400 (12 bytes)
1771261911.807247 sending message 112 to peer 0x558d904ea400 (12 bytes)
1771261911.807249 sending message 112 to peer 0x558d904ea400 (12 bytes)
1771261911.807252 sending message 112 to peer 0x558d904ea400 (13 bytes)
1771261911.807254 sending message 112 to peer 0x558d904ea400 (13 bytes)
1771261911.807257 sending message 112 to peer 0x558d904ea400 (13 bytes)
1771261911.807259 sending message 112 to peer 0x558d904ea400 (13 bytes)
1771261911.807262 sending message 112 to peer 0x558d904ea400 (13 bytes)
1771261911.807264 sending message 112 to peer 0x558d904ea400 (13 bytes)
1771261911.807270 sending message 112 to peer 0x558d904ea400 (13 bytes)
1771261911.807273 sending message 112 to peer 0x558d904ea400 (10 bytes)
1771261911.807275 sending message 112 to peer 0x558d904ea400 (13 bytes)
1771261911.807278 sending message 112 to peer 0x558d904ea400 (12 bytes)
1771261911.807280 sending message 112 to peer 0x558d904ea400 (12 bytes)
1771261911.807283 sending message 112 to peer 0x558d904ea400 (12 bytes)
1771261911.807285 sending message 112 to peer 0x558d904ea400 (10 bytes)
1771261911.807288 sending message 112 to peer 0x558d904ea400 (10 bytes)
1771261911.807290 sending message 112 to peer 0x558d904ea400 (10 bytes)
1771261911.807293 sending message 112 to peer 0x558d904ea400 (12 bytes)
1771261911.807295 sending message 112 to peer 0x558d904ea400 (11 bytes)
1771261911.807298 sending message 112 to peer 0x558d904ea400 (11 bytes)
1771261911.807300 sending message 112 to peer 0x558d904ea400 (11 bytes)
1771261911.807303 sending message 112 to peer 0x558d904ea400 (12 bytes)
1771261911.807305 sending message 112 to peer 0x558d904ea400 (12 bytes)
1771261911.807308 sending message 112 to peer 0x558d904ea400 (10 bytes)
1771261911.807310 sending message 112 to peer 0x558d904ea400 (9 bytes)
1771261911.807313 sending message 112 to peer 0x558d904ea400 (12 bytes)
1771261911.807315 sending message 112 to peer 0x558d904ea400 (9 bytes)
1771261911.807318 sending message 112 to peer 0x558d904ea400 (12 bytes)
1771261911.807320 sending message 112 to peer 0x558d904ea400 (11 bytes)
1771261911.807323 sending message 112 to peer 0x558d904ea400 (12 bytes)
1771261911.807325 sending message 112 to peer 0x558d904ea400 (21 bytes)
1771261911.807328 sending message 112 to peer 0x558d904ea400 (12 bytes)
1771261911.807330 sending message 112 to peer 0x558d904ea400 (9 bytes)
1771261911.807333 sending message 112 to peer 0x558d904ea400 (6 bytes)
1771261911.807335 sending message 112 to peer 0x558d904ea400 (13 bytes)
1771261911.807338 sending message 112 to peer 0x558d904ea400 (10 bytes)
1771261911.807340 sending message 112 to peer 0x558d904ea400 (15 bytes)
1771261911.807343 sending message 112 to peer 0x558d904ea400 (13 bytes)
1771261911.807346 sending message 112 to peer 0x558d904ea400 (9 bytes)
1771261911.807348 sending message 112 to peer 0x558d904ea400 (70 bytes)
1771261911.807351 sending message 112 to peer 0x558d904ea400 (69 bytes)
1771261911.807353 sending message 112 to peer 0x558d904ea400 (10 bytes)
1771261911.807356 sending message 112 to peer 0x558d904ea400 (10 bytes)
1771261911.807358 sending message 112 to peer 0x558d904ea400 (10 bytes)
1771261911.807361 sending message 112 to peer 0x558d904ea400 (15 bytes)
1771261911.807363 sending message 112 to peer 0x558d904ea400 (13 bytes)
1771261911.807366 sending message 112 to peer 0x558d904ea400 (10 bytes)
1771261911.807368 sending message 112 to peer 0x558d904ea400 (10 bytes)
1771261911.807371 sending message 112 to peer 0x558d904ea400 (10 bytes)
1771261911.807373 sending message 112 to peer 0x558d904ea400 (13 bytes)
1771261911.807376 sending message 112 to peer 0x558d904ea400 (5 bytes)
1771261911.807378 sending message 112 to peer 0x558d904ea400 (9 bytes)
1771261911.807381 sending message 112 to peer 0x558d904ea400 (15 bytes)
1771261911.807385 sending message 104 to peer 0x558d904ea400 (0 bytes)
1771261911.807388 sending message 110 to peer 0x558d904ea400 (0 bytes)
1771261911.807392 sending message 107 to peer 0x558d904ea400 (4 bytes)
1771261911.807394 sending message 105 to peer 0x558d904ea400 (22 bytes)
1771261911.807397 sending message 105 to peer 0x558d904ea400 (12 bytes)
1771261911.807399 sending message 105 to peer 0x558d904ea400 (8 bytes)
1771261911.807402 sending message 105 to peer 0x558d904ea400 (18 bytes)
1771261911.807405 sending message 105 to peer 0x558d904ea400 (15 bytes)
1771261911.807407 sending message 105 to peer 0x558d904ea400 (20 bytes)
1771261911.807410 sending message 105 to peer 0x558d904ea400 (8 bytes)
1771261911.807413 sending message 105 to peer 0x558d904ea400 (28 bytes)
1771261911.807415 sending message 105 to peer 0x558d904ea400 (32 bytes)
1771261911.807421 sending message 105 to peer 0x558d904ea400 (11 bytes)
1771261911.807423 sending message 105 to peer 0x558d904ea400 (94 bytes)
1771261911.807426 sending message 105 to peer 0x558d904ea400 (41 bytes)
1771261911.807429 sending message 105 to peer 0x558d904ea400 (15 bytes)
1771261911.807431 sending message 105 to peer 0x558d904ea400 (21 bytes)
1771261911.807434 sending message 105 to peer 0x558d904ea400 (16 bytes)
1771261911.807436 sending message 105 to peer 0x558d904ea400 (17 bytes)
1771261911.807439 sending message 105 to peer 0x558d904ea400 (13 bytes)
1771261911.807441 sending message 105 to peer 0x558d904ea400 (13 bytes)
1771261911.807444 sending message 105 to peer 0x558d904ea400 (416 bytes)
1771261911.807447 sending message 105 to peer 0x558d904ea400 (31 bytes)
1771261911.807449 sending message 105 to peer 0x558d904ea400 (11 bytes)
1771261911.807452 sending message 105 to peer 0x558d904ea400 (17 bytes)
1771261911.807455 sending message 105 to peer 0x558d904ea400 (1089 bytes)
1771261911.807469 sending message 105 to peer 0x558d904ea400 (36 bytes)
1771261911.807471 sending message 105 to peer 0x558d904ea400 (22 bytes)
1771261911.807474 sending message 105 to peer 0x558d904ea400 (26 bytes)
1771261911.807477 sending message 105 to peer 0x558d904ea400 (15 bytes)
1771261911.807479 sending message 105 to peer 0x558d904ea400 (34 bytes)
1771261911.807482 sending message 105 to peer 0x558d904ea400 (20 bytes)
1771261911.807484 sending message 105 to peer 0x558d904ea400 (30 bytes)
1771261911.807487 sending message 105 to peer 0x558d904ea400 (121 bytes)
1771261911.807490 sending message 105 to peer 0x558d904ea400 (89 bytes)
1771261911.807492 sending message 105 to peer 0x558d904ea400 (10 bytes)
1771261911.807495 sending message 105 to peer 0x558d904ea400 (18 bytes)
1771261911.807497 sending message 105 to peer 0x558d904ea400 (23 bytes)
1771261911.807500 sending message 105 to peer 0x558d904ea400 (28 bytes)
1771261911.807502 sending message 105 to peer 0x558d904ea400 (33 bytes)
1771261911.807505 sending message 105 to peer 0x558d904ea400 (34 bytes)
1771261911.807507 sending message 105 to peer 0x558d904ea400 (26 bytes)
1771261911.807510 sending message 105 to peer 0x558d904ea400 (16 bytes)
1771261911.807512 sending message 105 to peer 0x558d904ea400 (52 bytes)
1771261911.807515 sending message 105 to peer 0x558d904ea400 (61 bytes)
1771261911.807518 sending message 105 to peer 0x558d904ea400 (53 bytes)
1771261911.807520 sending message 105 to peer 0x558d904ea400 (15 bytes)
1771261911.807523 sending message 105 to peer 0x558d904ea400 (23 bytes)
1771261911.807525 sending message 105 to peer 0x558d904ea400 (29 bytes)
1771261911.807528 sending message 105 to peer 0x558d904ea400 (28 bytes)
1771261911.807531 sending message 105 to peer 0x558d904ea400 (21 bytes)
1771261911.807533 sending message 105 to peer 0x558d904ea400 (17 bytes)
1771261911.807536 sending message 105 to peer 0x558d904ea400 (29 bytes)
1771261911.807538 sending message 105 to peer 0x558d904ea400 (34 bytes)
1771261911.807541 sending message 106 to peer 0x558d904ea400 (0 bytes)
1771261911.807603 sending message 200 to peer 0x558d904ea400 (4 bytes)
1771261911.807608 client loop enter
1771261911.813939 peer 0x558d904ea400 message 207
1771261911.813955 sending message 208 to peer 0x558d904ea400 (0 bytes)
1771261913.603629 peer 0x558d904ea400 message 203
1771261913.603658 sending message 205 to peer 0x558d904ea400 (0 bytes)
1771261913.604399 peer 0x558d904ea400 message 204
1771261913.604423 client loop exit
