WARNING: Setting geometry in section global doesn't exist
CRITICAL: [dbus_cb_name_lost:1434] Cannot connect to DBus.
WARNING: Setting geometry in section global doesn't exist
WARNING: Setting geometry in section global doesn't exist
WARNING: Setting notification_height in section global doesn't exist
WARNING: A color string should start with '#' and contain at least 3 hex characters
WARNING: Setting icon_folders in section global doesn't exist
WARNING: Setting startup_notification in section global doesn't exist
WARNING: Section shortcuts is deprecated.
Settings in the shortcuts sections have been moved to the global section.
Alternatively you can bind shortcuts in your window manager to dunstctl commands. For that, see the manual for dunstctl.
Ignoring this section.
WARNING: A color string should start with '#' and contain at least 3 hex characters
WARNING: A color string should start with '#' and contain at least 3 hex characters
WARNING: A color string should start with '#' and contain at least 3 hex characters
WARNING: A color string should start with '#' and contain at least 3 hex characters
WARNING: A color string should start with '#' and contain at least 3 hex characters
WARNING: A color string should start with '#' and contain at least 3 hex characters
WARNING: Setting geometry in section global doesn't exist
WARNING: Setting notification_height in section global doesn't exist
WARNING: A color string should start with '#' and contain at least 3 hex characters
WARNING: Setting icon_folders in section global doesn't exist
WARNING: Setting startup_notification in section global doesn't exist
WARNING: Section shortcuts is deprecated.
Settings in the shortcuts sections have been moved to the global section.
Alternatively you can bind shortcuts in your window manager to dunstctl commands. For that, see the manual for dunstctl.
Ignoring this section.
WARNING: A color string should start with '#' and contain at least 3 hex characters
WARNING: A color string should start with '#' and contain at least 3 hex characters
WARNING: A color string should start with '#' and contain at least 3 hex characters
WARNING: A color string should start with '#' and contain at least 3 hex characters
WARNING: A color string should start with '#' and contain at least 3 hex characters
WARNING: A color string should start with '#' and contain at least 3 hex characters
WARNING: Icon 'flameshot' not found in icon_path
WARNING: Icon 'flameshot' not found in icon_path
WARNING: Icon 'flameshot' not found in icon_path
WARNING: Icon 'flameshot' not found in icon_path
WARNING: Icon 'flameshot' not found in icon_path
WARNING: Icon 'flameshot' not found in icon_path
WARNING: Setting border in section global doesn't exist
CRITICAL: Error while sending AddMatch() message: The connection is closed
CRITICAL: Error while sending AddMatch() message: The connection is closed
CRITICAL: Error while sending AddMatch() message: The connection is closed
CRITICAL: [dbus_cb_name_lost:1426] Cannot acquire 'org.freedesktop.Notifications'.
